2024-04-28 13:03:28,661 - Start evaluating ICDAR 2013 dataset
2024-04-28 13:03:28,662 - Model type: m, confidence threshold: 0.25
2024-04-28 13:03:28,662 - Use angle classification: False
2024-04-28 13:03:44,840 - Runtime 1 Image path: assets/icdar2013/Images\img_1.jpg, GT: ['Tiredness', 'kills', 'A', 'short', 'break', 'could', 'save', 'your', 'life'], Predicted: ['could', 'save', 'short', 'Iiredness', 'preak', 'kills', 'your', 'life', '-1']
2024-04-28 13:03:44,840 - True predictions: 7, Total GT: 9
2024-04-28 13:03:55,496 - Runtime 2 Image path: assets/icdar2013/Images\img_10.jpg, GT: ['Bernd', 'Reuse', 'Roland', 'Vollmar', '(Hrsg.)', 'Informatikforschung', 'in', 'Deutschland', 'Springer'], Predicted: ['Deutschland', 'in', 'Informatikforschung', 'Bernd', 'Vollmar', 'Roland', 'Reuse', 'Springer', '(Hrsg-)']
2024-04-28 13:03:55,496 - True predictions: 16, Total GT: 18
2024-04-28 13:04:05,853 - Runtime 3 Image path: assets/icdar2013/Images\img_100.jpg, GT: ['JOHN', 'REVETT', '(Builders)', 'Limted', 'CELCON', 'www.celcon.co.uk'], Predicted: ['www.cel.con.co.uk', '-1', 'JOHS', 'Bucers', 'REVEXT', '-1']
2024-04-28 13:04:05,854 - True predictions: 17, Total GT: 24
2024-04-28 13:04:15,573 - Runtime 4 Image path: assets/icdar2013/Images\img_101.jpg, GT: ['No', 'cycling'], Predicted: ['cycling', 'No']
2024-04-28 13:04:15,573 - True predictions: 20, Total GT: 26
2024-04-28 13:04:25,420 - Runtime 5 Image path: assets/icdar2013/Images\img_102.jpg, GT: ['COSTA', 'MED', 'mediterranean', 'cuisine'], Predicted: ['COA', 'cuisine', 'mediterranean', 'MED']
2024-04-28 13:04:25,421 - True predictions: 24, Total GT: 30
2024-04-28 13:04:34,921 - Runtime 6 Image path: assets/icdar2013/Images\img_103.jpg, GT: ['FIRED', 'EARTH'], Predicted: ['FIRED', 'EARTH', '-1', '-1']
2024-04-28 13:04:34,922 - True predictions: 27, Total GT: 32
2024-04-28 13:04:44,447 - Runtime 7 Image path: assets/icdar2013/Images\img_104.jpg, GT: ['lowns-uk.co'], Predicted: ['owns-uk.c']
2024-04-28 13:04:44,448 - True predictions: 28, Total GT: 33
2024-04-28 13:04:53,975 - Runtime 8 Image path: assets/icdar2013/Images\img_105.jpg, GT: ['HOME', 'ENTERTAINMENT'], Predicted: ['HOME', 'ENTERTAINMENT', '-1']
2024-04-28 13:04:53,975 - True predictions: 31, Total GT: 35
2024-04-28 13:05:03,127 - Runtime 9 Image path: assets/icdar2013/Images\img_106.jpg, GT: ['HFC', 'BANK'], Predicted: ['HFC', 'BANK']
2024-04-28 13:05:03,127 - True predictions: 34, Total GT: 37
2024-04-28 13:05:12,942 - Runtime 10 Image path: assets/icdar2013/Images\img_107.jpg, GT: ['STAR', 'WARS', 'EPISODE', 'II:', 'ATTACK', 'OF', 'THE', 'CLONES'], Predicted: ['WARS', 'STAR', 'CLONES', 'EPISODE', 'THE', 'ATTACK', 'OF', 'I:']
2024-04-28 13:05:12,943 - True predictions: 42, Total GT: 45
2024-04-28 13:05:22,260 - Runtime 11 Image path: assets/icdar2013/Images\img_108.jpg, GT: ['STAR', 'WARS'], Predicted: ['wars', 'STAR']
2024-04-28 13:05:22,260 - True predictions: 44, Total GT: 47
2024-04-28 13:05:31,176 - Runtime 12 Image path: assets/icdar2013/Images\img_109.jpg, GT: ['SPIDER-MAN'], Predicted: ['SPIDER-MAN']
2024-04-28 13:05:31,176 - True predictions: 46, Total GT: 48
2024-04-28 13:05:40,352 - Runtime 13 Image path: assets/icdar2013/Images\img_11.jpg, GT: ['M', "Summer's", 'Here!', 'TM'], Predicted: ["Summer's", 'Here!', 'M', 'TM']
2024-04-28 13:05:40,352 - True predictions: 51, Total GT: 52
2024-04-28 13:05:49,706 - Runtime 14 Image path: assets/icdar2013/Images\img_110.jpg, GT: ['TRANSFORMERS', 'ARMADA'], Predicted: ['SNSFORMER', 'IRMNDR', '-1']
2024-04-28 13:05:49,707 - True predictions: 52, Total GT: 54
2024-04-28 13:05:58,671 - Runtime 15 Image path: assets/icdar2013/Images\img_111.jpg, GT: ['NATURAL', 'HISTORY', 'MUSEUM'], Predicted: ['HISTORY', 'MUSEUM', 'NATURAL']
2024-04-28 13:05:58,672 - True predictions: 56, Total GT: 57
2024-04-28 13:06:07,862 - Runtime 16 Image path: assets/icdar2013/Images\img_112.jpg, GT: ['CLOSING', 'DOWN', 'SALE'], Predicted: ['DOWN', 'CLOSING', 'SAL']
2024-04-28 13:06:07,862 - True predictions: 59, Total GT: 60
2024-04-28 13:06:17,804 - Runtime 17 Image path: assets/icdar2013/Images\img_113.jpg, GT: ['one', 'hour', 'the', 'eyecare', 'clinic', 'contact', 'lens', 'centre'], Predicted: ['clinic', 'contact', 'eyecare', 'centre', 'hour', 'lens', 'the', 'one']
2024-04-28 13:06:17,804 - True predictions: 68, Total GT: 68
2024-04-28 13:06:27,097 - Runtime 18 Image path: assets/icdar2013/Images\img_114.jpg, GT: ['act', 'one', 'bar.co.uk'], Predicted: ['bar', 'one', 'act']
2024-04-28 13:06:27,097 - True predictions: 71, Total GT: 71
2024-04-28 13:06:37,413 - Runtime 19 Image path: assets/icdar2013/Images\img_115.jpg, GT: ['FUN', 'FASHION', 'LADIES', 'LINGERIE', 'SHOP', '01206368166', 'FUNFASHION@HOTMAIL.COM'], Predicted: ['FASHION', 'LINGERIE', 'FUN', 'LADIES', 'SHOP', '368166', '01206', 'FUNFASHION@HOTMAIL.COM']
2024-04-28 13:06:37,414 - True predictions: 78, Total GT: 78
2024-04-28 13:06:47,020 - Runtime 20 Image path: assets/icdar2013/Images\img_116.jpg, GT: ['S', '3', 'P'], Predicted: ['-1', '-1']
2024-04-28 13:06:47,021 - True predictions: 79, Total GT: 81
2024-04-28 13:06:56,596 - Runtime 21 Image path: assets/icdar2013/Images\img_117.jpg, GT: ['Counselling', 'Helpline', 'Lifelines', 'Family', 'Support'], Predicted: ['Family', 'Support', 'Counselling', 'Lifelines', 'Helpline']
2024-04-28 13:06:56,597 - True predictions: 85, Total GT: 86
2024-04-28 13:07:06,305 - Runtime 22 Image path: assets/icdar2013/Images\img_118.jpg, GT: ['UK', 'DANCE', 'PROTOTYPE', '&', 'INSPIRED', 'RECORDS'], Predicted: ['DANCE', 'RECORDS', 'UK', 'PROTOTYPE', 'INSPIRED', '&']
2024-04-28 13:07:06,306 - True predictions: 92, Total GT: 92
2024-04-28 13:07:15,691 - Runtime 23 Image path: assets/icdar2013/Images\img_119.jpg, GT: ['First', 'Eastern', 'National', 'Bus', 'Times'], Predicted: ['Tmes', 'National', 'Eastern', 'First', 'BuS']
2024-04-28 13:07:15,691 - True predictions: 96, Total GT: 97
2024-04-28 13:07:25,344 - Runtime 24 Image path: assets/icdar2013/Images\img_12.jpg, GT: ['CHECK', 'SIGNAL', 'CABLE'], Predicted: ['SIGNAL', 'CHECK', 'CABLE']
2024-04-28 13:07:25,345 - True predictions: 100, Total GT: 100
2024-04-28 13:07:35,110 - Runtime 25 Image path: assets/icdar2013/Images\img_120.jpg, GT: ['Next', 'Departure', '12:31', 'GENE', '2C', 'FIRST', 'EA'], Predicted: ['Next', 'Departure', 'PTRST', '-1', '-1', '1883', '-1']
2024-04-28 13:07:35,110 - True predictions: 103, Total GT: 107
2024-04-28 13:07:44,350 - Runtime 26 Image path: assets/icdar2013/Images\img_121.jpg, GT: ['KNOW', 'YOUR', 'First', 'TICKET!'], Predicted: ['TICKET', 'KNOW', 'YOUR', 'First']
2024-04-28 13:07:44,351 - True predictions: 107, Total GT: 111
2024-04-28 13:07:54,424 - Runtime 27 Image path: assets/icdar2013/Images\img_122.jpg, GT: ['London', 'Ipswich', '(A12)', 'Town', 'Centre', 'Longridge', 'Park'], Predicted: ['Centre', 'Ipswich', 'Park', 'Longridge', 'London', 'Town', '(A12', '-1', '-1', '-1']
2024-04-28 13:07:54,425 - True predictions: 114, Total GT: 118
2024-04-28 13:08:03,648 - Runtime 28 Image path: assets/icdar2013/Images\img_123.jpg, GT: ['PREMIER', 'TEAM'], Predicted: ['PREMIER', 'TEAM']
2024-04-28 13:08:03,648 - True predictions: 117, Total GT: 120
2024-04-28 13:08:13,370 - Runtime 29 Image path: assets/icdar2013/Images\img_124.jpg, GT: ['Famous', 'for', 'our', 'fish', '&', 'chips'], Predicted: ['Famous', 'fish', 'for', 'chips', 'our', '&']
2024-04-28 13:08:13,371 - True predictions: 124, Total GT: 126
2024-04-28 13:08:22,967 - Runtime 30 Image path: assets/icdar2013/Images\img_125.jpg, GT: ['BUFFETT', 'WAY', 'CUL', '-', 'DE', '-', 'SAC'], Predicted: ['BUFFETT', 'WAY', 'SAC', 'DE', 'CUL']
2024-04-28 13:08:22,968 - True predictions: 130, Total GT: 133
2024-04-28 13:08:33,189 - Runtime 31 Image path: assets/icdar2013/Images\img_126.jpg, GT: ['University', 'of', 'Essex', '1', 'leading', 'to', 'Wivenhoe', 'Trail', '114', 'Greenstead', 'centre', '12', '2'], Predicted: ['Trail', 'Wivenhoe', 'Greenstead', 'centre', 'Essex', 'to', 'University', 'leading', 'of', '2', '-1', '-1']
2024-04-28 13:08:33,190 - True predictions: 141, Total GT: 146
2024-04-28 13:08:42,757 - Runtime 32 Image path: assets/icdar2013/Images\img_127.jpg, GT: ['DANGER', 'KEEP', 'OUT'], Predicted: ['KEEP', 'DANGER', 'OUT']
2024-04-28 13:08:42,757 - True predictions: 145, Total GT: 149
2024-04-28 13:08:51,770 - Runtime 33 Image path: assets/icdar2013/Images\img_128.jpg, GT: ['BMC', 'P.O.', '75', 'No25'], Predicted: []
2024-04-28 13:08:51,770 - True predictions: 146, Total GT: 153
2024-04-28 13:09:00,588 - Runtime 34 Image path: assets/icdar2013/Images\img_129.jpg, GT: ['S'], Predicted: []
2024-04-28 13:09:00,588 - True predictions: 147, Total GT: 154
2024-04-28 13:09:09,816 - Runtime 35 Image path: assets/icdar2013/Images\img_13.jpg, GT: ['P', 'P'], Predicted: ['PP']
2024-04-28 13:09:09,816 - True predictions: 148, Total GT: 156
2024-04-28 13:09:20,261 - Runtime 36 Image path: assets/icdar2013/Images\img_130.jpg, GT: ['University', 'of', 'Essex', '34', 'leading', 'to', 'Wivenhoe', 'Trail', '1', 'Greenstead', 'centre', '12'], Predicted: ['Greenstead', 'Trail', 'Wivenhoe', 'Leading', 'Essex', 'University', 'of', 'to', 'centre', '-1', '34']
2024-04-28 13:09:20,261 - True predictions: 158, Total GT: 168
2024-04-28 13:09:29,398 - Runtime 37 Image path: assets/icdar2013/Images\img_131.jpg, GT: ['Shit'], Predicted: []
2024-04-28 13:09:29,398 - True predictions: 159, Total GT: 169
2024-04-28 13:09:41,349 - Runtime 38 Image path: assets/icdar2013/Images\img_132.jpg, GT: ['University', 'of', 'Essex', 'Day', 'Nursery', 'The', 'Houses', 'Keynes', 'Rayleigh', 'Tawney', 'and', 'William', 'Morris', 'Towers', 'Wolfson', 'Court', 'Buses', 'and', 'Cycles', 'Only', 'CONFERENCE', 'CAR', 'PARK', 'Entrance', '4'], Predicted: ['Buses', 'Houses', 'and', 'PARK', 'The', 'Essex', 'Wolfson', 'CONFERENCE', 'Court', 'William', 'Day', 'Nursery', 'Entrance', 'Morris', 'CAR', 'Towers', 'Cycles', 'Only', 'Keynes', 'University', 'Tawney', 'and', 'Rayleigh,', 'of']
2024-04-28 13:09:41,349 - True predictions: 183, Total GT: 194
2024-04-28 13:09:50,743 - Runtime 39 Image path: assets/icdar2013/Images\img_133.jpg, GT: ['STOP'], Predicted: ['STOP']
2024-04-28 13:09:50,744 - True predictions: 185, Total GT: 195
2024-04-28 13:09:59,798 - Runtime 40 Image path: assets/icdar2013/Images\img_134.jpg, GT: ['AUSTRALIA'], Predicted: ['STRALIA']
2024-04-28 13:09:59,798 - True predictions: 186, Total GT: 196
2024-04-28 13:10:09,255 - Runtime 41 Image path: assets/icdar2013/Images\img_135.jpg, GT: ['FIRE', 'EXIT', 'Keep', 'clear'], Predicted: ['FIRE', 'EXIT', 'Keep', 'clear']
2024-04-28 13:10:09,255 - True predictions: 191, Total GT: 200
2024-04-28 13:10:18,661 - Runtime 42 Image path: assets/icdar2013/Images\img_136.jpg, GT: ['Roland', 'DIGITAL', 'GROUP'], Predicted: ['GBOUP', 'DIGITAL', 'Roland']
2024-04-28 13:10:18,662 - True predictions: 194, Total GT: 203
2024-04-28 13:10:27,732 - Runtime 43 Image path: assets/icdar2013/Images\img_137.jpg, GT: ['571', 'TESTED', 'TESTED'], Predicted: ['571']
2024-04-28 13:10:27,733 - True predictions: 196, Total GT: 206
2024-04-28 13:10:36,775 - Runtime 44 Image path: assets/icdar2013/Images\img_138.jpg, GT: ['4B.532'], Predicted: ['4B.532']
2024-04-28 13:10:36,775 - True predictions: 198, Total GT: 207
2024-04-28 13:10:46,038 - Runtime 45 Image path: assets/icdar2013/Images\img_139.jpg, GT: ['MONDO', 'CAFE', '-', 'BAR', '-', 'VENUE', 'food'], Predicted: ['onbo', 'food', '-1', 'CAFC', 'BAR']
2024-04-28 13:10:46,038 - True predictions: 201, Total GT: 214
2024-04-28 13:10:58,019 - Runtime 46 Image path: assets/icdar2013/Images\img_14.jpg, GT: ['WARNING', 'Trespassing', 'or', 'causing', 'nuisance', 'on', 'a', 'school', 'site', 'can', 'lead', 'to', 'a', 'criminal', 'conviction', 'Under', 'Section', '547', 'of', 'the', 'Education', 'Act', '1996', 'Essex', 'County', 'Council', 'Learning', 'Services'], Predicted: ['Trespassing', 'WARNING', 'criminal', 'conviction', 'nuisance', 'school', 'site', 'Education', 'lead', 'can', 'Council', 'causing', 'Act', 'County', 'on', 'Section', 'Under', 'Essex', 'to', 'the', 'of', 'Learning', 'or', 'Services', '547', '1996', 'a', 'a']
2024-04-28 13:10:58,020 - True predictions: 230, Total GT: 242
2024-04-28 13:11:08,128 - Runtime 47 Image path: assets/icdar2013/Images\img_140.jpg, GT: ['Sports', 'Centre', 'ark', 'Conference', 'Centre', 'Car', 'Parks'], Predicted: ['Parks', 'Conference', 'Centre', 'Centre', 'Sports', 'Car', 'Wivennoe', 'ark']
2024-04-28 13:11:08,129 - True predictions: 238, Total GT: 249
2024-04-28 13:11:17,471 - Runtime 48 Image path: assets/icdar2013/Images\img_141.jpg, GT: ['UDX', 'MAYFAIR', 'MINI'], Predicted: ['UDX', 'MINI', 'MAYFAIR']
2024-04-28 13:11:17,471 - True predictions: 242, Total GT: 252
2024-04-28 13:11:26,610 - Runtime 49 Image path: assets/icdar2013/Images\img_142.jpg, GT: ['PEUGEOT'], Predicted: ['EDGEO7']
2024-04-28 13:11:26,610 - True predictions: 243, Total GT: 253
2024-04-28 13:11:35,837 - Runtime 50 Image path: assets/icdar2013/Images\img_143.jpg, GT: ['EXIT'], Predicted: ['EXIT']
2024-04-28 13:11:35,838 - True predictions: 245, Total GT: 254
2024-04-28 13:11:45,640 - Runtime 51 Image path: assets/icdar2013/Images\img_144.jpg, GT: ['EMERGENCY', 'SERVICE', 'VEHICLES', 'ONLY'], Predicted: ['VEHICLES', 'EMERGENCY', 'SERVICE', 'ONLY']
2024-04-28 13:11:45,641 - True predictions: 250, Total GT: 258
2024-04-28 13:11:54,806 - Runtime 52 Image path: assets/icdar2013/Images\img_145.jpg, GT: ['CHALLENGE'], Predicted: [')HALLENGE']
2024-04-28 13:11:54,806 - True predictions: 251, Total GT: 259
2024-04-28 13:12:03,660 - Runtime 53 Image path: assets/icdar2013/Images\img_146.jpg, GT: ['RESTAURANT'], Predicted: ['ESTAURAN', '-1']
2024-04-28 13:12:03,661 - True predictions: 252, Total GT: 260
2024-04-28 13:12:12,721 - Runtime 54 Image path: assets/icdar2013/Images\img_147.jpg, GT: ['FLATS', '61to69'], Predicted: ['FLATS', '61to69']
2024-04-28 13:12:12,721 - True predictions: 255, Total GT: 262
2024-04-28 13:12:22,333 - Runtime 55 Image path: assets/icdar2013/Images\img_148.jpg, GT: ['1', '2', '3', '4', '5', '6', '7', '8', '9'], Predicted: ['4', '2', '-1', '3', '-1']
2024-04-28 13:12:22,334 - True predictions: 259, Total GT: 271
2024-04-28 13:12:31,828 - Runtime 56 Image path: assets/icdar2013/Images\img_149.jpg, GT: ['the', 'one-line', 'guide', 'go'], Predicted: ['the', 'one-line', 'go', 'guICe']
2024-04-28 13:12:31,828 - True predictions: 263, Total GT: 275
2024-04-28 13:12:41,021 - Runtime 57 Image path: assets/icdar2013/Images\img_15.jpg, GT: ['Roland', 'DIGITAL', 'GROUP'], Predicted: ['DIGITAL', 'GROUP', 'Roland']
2024-04-28 13:12:41,021 - True predictions: 267, Total GT: 278
2024-04-28 13:12:50,173 - Runtime 58 Image path: assets/icdar2013/Images\img_150.jpg, GT: ['Post', 'Office'], Predicted: ['Office', 'Post']
2024-04-28 13:12:50,173 - True predictions: 270, Total GT: 280
2024-04-28 13:12:59,220 - Runtime 59 Image path: assets/icdar2013/Images\img_151.jpg, GT: ['99'], Predicted: ['-1']
2024-04-28 13:12:59,220 - True predictions: 271, Total GT: 281
2024-04-28 13:13:08,904 - Runtime 60 Image path: assets/icdar2013/Images\img_152.jpg, GT: ['5', 'SPRINKLER', 'VALVE', 'CHAMBER', 'ION'], Predicted: ['VALVE', 'CHAMBER', 'SPRINKLER', '-1', 'ION']
2024-04-28 13:13:08,904 - True predictions: 276, Total GT: 286
2024-04-28 13:13:18,314 - Runtime 61 Image path: assets/icdar2013/Images\img_153.jpg, GT: ['The', 'Linen', 'Factory'], Predicted: ['Factory', 'Linen', 'The', '-1']
2024-04-28 13:13:18,314 - True predictions: 280, Total GT: 289
2024-04-28 13:13:27,852 - Runtime 62 Image path: assets/icdar2013/Images\img_154.jpg, GT: ['ICE', 'CREAM', 'PHARMACY'], Predicted: ['ICE', 'CREAM', 'PHARMACY', '-1']
2024-04-28 13:13:27,852 - True predictions: 284, Total GT: 292
2024-04-28 13:13:37,207 - Runtime 63 Image path: assets/icdar2013/Images\img_155.jpg, GT: ['camouflage'], Predicted: ['-1']
2024-04-28 13:13:37,208 - True predictions: 285, Total GT: 293
2024-04-28 13:13:46,587 - Runtime 64 Image path: assets/icdar2013/Images\img_156.jpg, GT: ['CO', '-', 'OPERATIVE'], Predicted: ['OPERATLNE', 'CO']
2024-04-28 13:13:46,588 - True predictions: 287, Total GT: 296
2024-04-28 13:13:56,296 - Runtime 65 Image path: assets/icdar2013/Images\img_157.jpg, GT: ['JACKS', 'FAMOUS', 'SUPPLIES', 'EST.', '1946'], Predicted: ['FAMOUS', 'JACKS', 'SUPPLIES', '1946', 'EST']
2024-04-28 13:13:56,296 - True predictions: 292, Total GT: 301
2024-04-28 13:14:06,106 - Runtime 66 Image path: assets/icdar2013/Images\img_158.jpg, GT: ['PLAY', 'THUNDERBALL', 'HERE', 'NATIONAL'], Predicted: ['PLAY', 'THONDERBAL', 'HERE', 'SRATIONAL', 'ATTERY']
2024-04-28 13:14:06,107 - True predictions: 295, Total GT: 305
2024-04-28 13:14:15,390 - Runtime 67 Image path: assets/icdar2013/Images\img_159.jpg, GT: ['20P', 'A', 'RIDE'], Predicted: ['RIDE', '20P', 'A']
2024-04-28 13:14:15,391 - True predictions: 299, Total GT: 308
2024-04-28 13:14:24,659 - Runtime 68 Image path: assets/icdar2013/Images\img_16.jpg, GT: ['Lord', 'Nelson'], Predicted: ['Nclson', 'Lord']
2024-04-28 13:14:24,659 - True predictions: 301, Total GT: 310
2024-04-28 13:14:33,756 - Runtime 69 Image path: assets/icdar2013/Images\img_160.jpg, GT: ['Peacocks'], Predicted: ['Peacocks']
2024-04-28 13:14:33,756 - True predictions: 303, Total GT: 311
2024-04-28 13:14:43,384 - Runtime 70 Image path: assets/icdar2013/Images\img_161.jpg, GT: ['SLUSH', 'PUPPiE', 'AS', 'COOL', 'AS', 'IT', 'GETS'], Predicted: ['SLUSH', 'PUPPiE', 'GODL', '-1', 'AS', 'AS', '-1']
2024-04-28 13:14:43,384 - True predictions: 308, Total GT: 318
2024-04-28 13:14:52,732 - Runtime 71 Image path: assets/icdar2013/Images\img_162.jpg, GT: ['Cheques', 'GALORE', 'PIZZA'], Predicted: ['PIZZA', 'Cheques', 'GALOR']
2024-04-28 13:14:52,732 - True predictions: 311, Total GT: 321
2024-04-28 13:15:02,072 - Runtime 72 Image path: assets/icdar2013/Images\img_163.jpg, GT: ['The', 'Adult', 'Community', 'College'], Predicted: ['Adult', 'The', 'Community', 'College']
2024-04-28 13:15:02,073 - True predictions: 316, Total GT: 325
2024-04-28 13:15:11,196 - Runtime 73 Image path: assets/icdar2013/Images\img_164.jpg, GT: ['11'], Predicted: ['11']
2024-04-28 13:15:11,197 - True predictions: 318, Total GT: 326
2024-04-28 13:15:20,656 - Runtime 74 Image path: assets/icdar2013/Images\img_165.jpg, GT: ['Fire', 'up', 'your', 'senses'], Predicted: ['senses', 'Fire', 'your', 'up']
2024-04-28 13:15:20,657 - True predictions: 323, Total GT: 330
2024-04-28 13:15:29,688 - Runtime 75 Image path: assets/icdar2013/Images\img_166.jpg, GT: ['Save', 'family', 'day', 'trip', '4'], Predicted: ['Save', 'family']
2024-04-28 13:15:29,688 - True predictions: 326, Total GT: 335
2024-04-28 13:15:38,774 - Runtime 76 Image path: assets/icdar2013/Images\img_167.jpg, GT: ['SECOM'], Predicted: ['SECOM']
2024-04-28 13:15:38,774 - True predictions: 328, Total GT: 336
2024-04-28 13:15:47,616 - Runtime 77 Image path: assets/icdar2013/Images\img_168.jpg, GT: ['CULVER', 'STREET'], Predicted: ['-1', '-1']
2024-04-28 13:15:47,616 - True predictions: 329, Total GT: 338
2024-04-28 13:15:57,269 - Runtime 78 Image path: assets/icdar2013/Images\img_169.jpg, GT: ['Except', 'for', 'access', 'and', 'buses'], Predicted: ['buses', 'access', 'Except', 'and', 'for']
2024-04-28 13:15:57,270 - True predictions: 335, Total GT: 343
2024-04-28 13:16:08,334 - Runtime 79 Image path: assets/icdar2013/Images\img_17.jpg, GT: ['Servicemenu', 'Wahlwiederh.', 'Briefkasten', 'Lautsprecher', 'Ubernahme', 'abc', '2', '1', '3', 'def', 'Anrufliste', 'NA', 'NA', 'NA'], Predicted: ['Anrufliste', 'Lautspreeher', 'Servicemenu', 'fkasten', 'Ubernang', '-1', 'iederh', 'def', '1e', 'Wahl', 'NA', 'NA', 'abc', '3', 'Ser', '000', '-1', 'NA']
2024-04-28 13:16:08,334 - True predictions: 344, Total GT: 357
2024-04-28 13:16:18,383 - Runtime 80 Image path: assets/icdar2013/Images\img_170.jpg, GT: ['priory', 'galleries', 'at', 'the', 'ship', 'priory', 'galleries', 'at', 'the', 'ship'], Predicted: ['galleRies', 'pRiORy', 'at', 'the', 'galleries', 'ship', 'pRiORy', 'the', 'ship']
2024-04-28 13:16:18,383 - True predictions: 353, Total GT: 367
2024-04-28 13:16:27,807 - Runtime 81 Image path: assets/icdar2013/Images\img_171.jpg, GT: ['TANFORDS'], Predicted: ['TANFORDS', 'RE']
2024-04-28 13:16:27,808 - True predictions: 355, Total GT: 368
2024-04-28 13:16:37,510 - Runtime 82 Image path: assets/icdar2013/Images\img_172.jpg, GT: ['NO', 'SMOKING', 'MAXIMUM', 'PENALTY', '100'], Predicted: ['SMOKING', 'MAXIMOM', 'PENALTY', 'NO']
2024-04-28 13:16:37,510 - True predictions: 359, Total GT: 373
2024-04-28 13:16:46,923 - Runtime 83 Image path: assets/icdar2013/Images\img_173.jpg, GT: ['Colchester', 'Insurance', 'Centre'], Predicted: ['Insurance', 'Colcheste', 'Centre']
2024-04-28 13:16:46,924 - True predictions: 362, Total GT: 376
2024-04-28 13:16:56,056 - Runtime 84 Image path: assets/icdar2013/Images\img_174.jpg, GT: ['EAST', 'HILL'], Predicted: ['EAST', 'HILL']
2024-04-28 13:16:56,057 - True predictions: 365, Total GT: 378
2024-04-28 13:17:05,613 - Runtime 85 Image path: assets/icdar2013/Images\img_175.jpg, GT: ['chips', 'cut', 'over', 'prices', 'chopped', '4'], Predicted: ['chips', 'cut', 'prices', '4,000', 'over', 'chopped']
2024-04-28 13:17:05,613 - True predictions: 371, Total GT: 384
2024-04-28 13:17:14,798 - Runtime 86 Image path: assets/icdar2013/Images\img_176.jpg, GT: ['ANTIQUES', 'MILL'], Predicted: ['ANTIQUES', 'MILL']
2024-04-28 13:17:14,799 - True predictions: 374, Total GT: 386
2024-04-28 13:17:24,811 - Runtime 87 Image path: assets/icdar2013/Images\img_177.jpg, GT: ['ION', 'RT', 'ER', '4447', 'HAMBLION', 'TRANSPORT', 'STORAGE', '&', 'DISTRIBUTION', 'COLCHESTER', '794447'], Predicted: ['HAMBLION', 'TRANSPORT', 'STORAGE', '794447', 'DISTRIBUTION', '4447', 'COLCHESTER', 'ER', 'ION', '-1', '900']
2024-04-28 13:17:24,812 - True predictions: 384, Total GT: 397
2024-04-28 13:17:34,628 - Runtime 88 Image path: assets/icdar2013/Images\img_178.jpg, GT: ['6', 'University', 'of', 'Essex', 'Gas', 'Station', 'No'], Predicted: ['University', 'Station', 'Essex', 'Gas', 'No', 'of', '9']
2024-04-28 13:17:34,628 - True predictions: 391, Total GT: 404
2024-04-28 13:17:43,493 - Runtime 89 Image path: assets/icdar2013/Images\img_179.jpg, GT: ['M'], Predicted: []
2024-04-28 13:17:43,494 - True predictions: 392, Total GT: 405
2024-04-28 13:17:52,773 - Runtime 90 Image path: assets/icdar2013/Images\img_18.jpg, GT: ['IMPORTED', 'BEER', 'FROM', 'MEXICO'], Predicted: ['MEXICO', 'BEER', 'FROm', 'IMPORTED']
2024-04-28 13:17:52,773 - True predictions: 396, Total GT: 409
2024-04-28 13:18:01,958 - Runtime 91 Image path: assets/icdar2013/Images\img_180.jpg, GT: ['Dry', 'riser'], Predicted: ['Dry', 'riser']
2024-04-28 13:18:01,959 - True predictions: 399, Total GT: 411
2024-04-28 13:18:11,675 - Runtime 92 Image path: assets/icdar2013/Images\img_181.jpg, GT: ['Department', 'of', 'Psychology', 'Second', 'Year'], Predicted: ['Second', 'Department', 'Year', 'Psychology', 'of']
2024-04-28 13:18:11,675 - True predictions: 405, Total GT: 416
2024-04-28 13:18:21,004 - Runtime 93 Image path: assets/icdar2013/Images\img_182.jpg, GT: ['3', 'FLOOR'], Predicted: ['FlOOR', '-1']
2024-04-28 13:18:21,004 - True predictions: 406, Total GT: 418
2024-04-28 13:18:30,814 - Runtime 94 Image path: assets/icdar2013/Images\img_183.jpg, GT: ['POST', 'OFFICE', 'NATIONAL', 'EXPRESS'], Predicted: ['EXPRESS', 'NATIONAL', 'POSI']
2024-04-28 13:18:30,814 - True predictions: 409, Total GT: 422
2024-04-28 13:18:40,520 - Runtime 95 Image path: assets/icdar2013/Images\img_184.jpg, GT: ['POSTPAK', 'POSTPAK', 'POST', 'OFFICE'], Predicted: ['OFFICE', 'POST', 'POSTPAK', 'POSTPAK']
2024-04-28 13:18:40,520 - True predictions: 414, Total GT: 426
2024-04-28 13:18:49,738 - Runtime 96 Image path: assets/icdar2013/Images\img_185.jpg, GT: ['the', 'copy', 'centre'], Predicted: ['centre', 'the', 'copy']
2024-04-28 13:18:49,738 - True predictions: 418, Total GT: 429
2024-04-28 13:18:58,913 - Runtime 97 Image path: assets/icdar2013/Images\img_186.jpg, GT: ['COPIES', 'LASER', 'COLOUR'], Predicted: ['COPTES', 'HOLOUR', 'LASER']
2024-04-28 13:18:58,914 - True predictions: 420, Total GT: 432
2024-04-28 13:19:07,993 - Runtime 98 Image path: assets/icdar2013/Images\img_187.jpg, GT: ['U', 'Tetley'], Predicted: ['Tetley', 'U']
2024-04-28 13:19:07,993 - True predictions: 423, Total GT: 434
2024-04-28 13:19:17,286 - Runtime 99 Image path: assets/icdar2013/Images\img_188.jpg, GT: ['To', 'find', 'out', 'just'], Predicted: ['find', 'out', 'To', 'Just']
2024-04-28 13:19:17,287 - True predictions: 427, Total GT: 438
2024-04-28 13:19:26,615 - Runtime 100 Image path: assets/icdar2013/Images\img_189.jpg, GT: ['hellmann', 'parcel', 'systems'], Predicted: ['parcel', 'systems', 'helmann']
2024-04-28 13:19:26,616 - True predictions: 430, Total GT: 441
2024-04-28 13:19:36,788 - Runtime 101 Image path: assets/icdar2013/Images\img_19.jpg, GT: ['WOLFGANG', 'EMMERICH', 'Engin', 'ing', 'Distributed', 'Objects'], Predicted: ['Objects', 'Distrmred', 'Engin', 'EmMERICI', 'WOLEGRNG', 'ng']
2024-04-28 13:19:36,789 - True predictions: 433, Total GT: 447
2024-04-28 13:19:47,141 - Runtime 102 Image path: assets/icdar2013/Images\img_190.jpg, GT: ['Free', 'Travel', 'Please', 'wait', 'here', 'until', 'a', 'cashier', 'is', 'available'], Predicted: ['available', 'here', 'Please', 'until', 'wait', 'cashier', 'Trave', '1S', 'Free', '-1', '-1']
2024-04-28 13:19:47,142 - True predictions: 441, Total GT: 457
2024-04-28 13:19:56,385 - Runtime 103 Image path: assets/icdar2013/Images\img_191.jpg, GT: ['SHOP', 'TO', 'LET'], Predicted: ['SHOP', 'ET', 'TO']
2024-04-28 13:19:56,386 - True predictions: 444, Total GT: 460
2024-04-28 13:20:05,569 - Runtime 104 Image path: assets/icdar2013/Images\img_192.jpg, GT: ['Oxfam', 'Bookshop'], Predicted: ['Bookshop', 'Oxiam']
2024-04-28 13:20:05,569 - True predictions: 446, Total GT: 462
2024-04-28 13:20:15,085 - Runtime 105 Image path: assets/icdar2013/Images\img_193.jpg, GT: ['No', 'smoking', 'beyond', 'this', 'point'], Predicted: ['this', 'No', 'smoking', 'point', 'beyond']
2024-04-28 13:20:15,085 - True predictions: 452, Total GT: 467
2024-04-28 13:20:24,334 - Runtime 106 Image path: assets/icdar2013/Images\img_194.jpg, GT: ['High', 'Fidelity', 'NICK', 'HORNBY'], Predicted: ['NICK', 'Fidelity', 'High', 'HORNBY']
2024-04-28 13:20:24,335 - True predictions: 457, Total GT: 471
2024-04-28 13:20:33,964 - Runtime 107 Image path: assets/icdar2013/Images\img_195.jpg, GT: ['Mark', 'Z.', "Danielewski's", 'HOUSE', 'OF', 'LEAVES'], Predicted: ['HOUSE', 'LEAVES', 'Mark', "Danielewski's", 'Z', 'OF']
2024-04-28 13:20:33,965 - True predictions: 463, Total GT: 477
2024-04-28 13:20:43,848 - Runtime 108 Image path: assets/icdar2013/Images\img_196.jpg, GT: ['John', 'Stein', 'beck', 'The', 'Grapes', 'of', 'Wrath'], Predicted: ['Wrath', 'of', 'John', 'The', 'Grapes', 'Stein', 'beck']
2024-04-28 13:20:43,848 - True predictions: 471, Total GT: 484
2024-04-28 13:20:53,466 - Runtime 109 Image path: assets/icdar2013/Images\img_197.jpg, GT: ['HEART', 'OF', 'DARKNESS', 'JOSEPH', 'CONRAD'], Predicted: ['DARKNESS', 'CONRAD', 'HEART', 'JOSEPH', 'OF']
2024-04-28 13:20:53,466 - True predictions: 477, Total GT: 489
2024-04-28 13:21:03,262 - Runtime 110 Image path: assets/icdar2013/Images\img_198.jpg, GT: ['Truman', 'Capote', 'Breakfast', 'at', "Tiffany's"], Predicted: ['Breakfast', 'at', 'Capote', 'Truman', "Tiffany's", '-1']
2024-04-28 13:21:03,263 - True predictions: 483, Total GT: 494
2024-04-28 13:21:12,609 - Runtime 111 Image path: assets/icdar2013/Images\img_199.jpg, GT: ['NAD', 'PHONES', 'IR'], Predicted: ['NAD', 'IR']
2024-04-28 13:21:12,609 - True predictions: 486, Total GT: 497
2024-04-28 13:21:21,995 - Runtime 112 Image path: assets/icdar2013/Images\img_2.jpg, GT: ['8', 'H', '319', '10'], Predicted: ['8', '-1', '35']
2024-04-28 13:21:21,995 - True predictions: 488, Total GT: 501
2024-04-28 13:21:31,562 - Runtime 113 Image path: assets/icdar2013/Images\img_20.jpg, GT: ['Gates', '30', '&', '88', 'Emergency', 'exit'], Predicted: ['30', 'Emergency', '88', 'Gates', 'exit', '&']
2024-04-28 13:21:31,562 - True predictions: 495, Total GT: 507
2024-04-28 13:21:40,888 - Runtime 114 Image path: assets/icdar2013/Images\img_200.jpg, GT: ['EAST', 'COURT', 'HOUSE'], Predicted: ['EAST', 'COURT', 'HOUSE']
2024-04-28 13:21:40,889 - True predictions: 499, Total GT: 510
2024-04-28 13:21:50,863 - Runtime 115 Image path: assets/icdar2013/Images\img_201.jpg, GT: ['Student', 'Accounts', 'Do', 'you', 'know', 'anyone', 'starting', 'university', 'this', 'year?'], Predicted: ['starting', 'university', 'Know', 'anyone', 'Do', 'Accounts', 'this', 'Student', 'year?', 'you']
2024-04-28 13:21:50,864 - True predictions: 509, Total GT: 520
2024-04-28 13:22:00,088 - Runtime 116 Image path: assets/icdar2013/Images\img_202.jpg, GT: ['TESCO'], Predicted: ['TESCO']
2024-04-28 13:22:00,089 - True predictions: 511, Total GT: 521
2024-04-28 13:22:09,003 - Runtime 117 Image path: assets/icdar2013/Images\img_203.jpg, GT: ['EXIT', 'SERVICE', 'VEHICLES'], Predicted: ['EHICLES', 'SERVICE', 'EX1T']
2024-04-28 13:22:09,003 - True predictions: 513, Total GT: 524
2024-04-28 13:22:18,537 - Runtime 118 Image path: assets/icdar2013/Images\img_204.jpg, GT: ['YOU', 'ARE', 'HERE', 'Student', 'Residence', '2'], Predicted: ['HERE', 'Student', 'ARE', 'YOU', 'Residence']
2024-04-28 13:22:18,538 - True predictions: 519, Total GT: 530
2024-04-28 13:22:28,237 - Runtime 119 Image path: assets/icdar2013/Images\img_205.jpg, GT: ['Anti', 'Nazi', 'League', 'Black', '&', 'White', 'Unite'], Predicted: ['Black', 'White', 'Unite', 'Nazl', 'Antl', 'League']
2024-04-28 13:22:28,237 - True predictions: 524, Total GT: 537
2024-04-28 13:22:37,655 - Runtime 120 Image path: assets/icdar2013/Images\img_206.jpg, GT: ['HSBC', 'citigroup'], Predicted: ['citigroupy', 'HSBC', 'X']
2024-04-28 13:22:37,655 - True predictions: 526, Total GT: 539
2024-04-28 13:22:47,036 - Runtime 121 Image path: assets/icdar2013/Images\img_207.jpg, GT: ['THE', 'SOUTH', 'COLONNADE', 'E14'], Predicted: ['THE', 'COLONNADE', 'E14', 'SOUTH']
2024-04-28 13:22:47,037 - True predictions: 531, Total GT: 543
2024-04-28 13:22:55,985 - Runtime 122 Image path: assets/icdar2013/Images\img_208.jpg, GT: ['CABOT', 'PLACE'], Predicted: ['PLACH', 'CABOT']
2024-04-28 13:22:55,985 - True predictions: 533, Total GT: 545
2024-04-28 13:23:05,288 - Runtime 123 Image path: assets/icdar2013/Images\img_209.jpg, GT: ['Meditative', 'Rose', '(1958)'], Predicted: ['Rose', 'Meditative', '(1958)', '-1']
2024-04-28 13:23:05,288 - True predictions: 537, Total GT: 548
2024-04-28 13:23:16,101 - Runtime 124 Image path: assets/icdar2013/Images\img_21.jpg, GT: ['No', 'unauthorised', 'entry', 'into', 'this', 'area!', 'Permit', 'to', 'work', 'system', 'in', 'operation', 'Estates', 'Management', 'Section'], Predicted: ['Permit', 'unauthorised', 'work', 'Estates', 'Section', 'system', 'operation', 'area', 'this', 'No', 'into', 'entry', 'Management', 'to', 'in']
2024-04-28 13:23:16,102 - True predictions: 552, Total GT: 563
2024-04-28 13:23:25,612 - Runtime 125 Image path: assets/icdar2013/Images\img_210.jpg, GT: ['CANARY', 'WHARF', 'STATION'], Predicted: ['CANARY', 'WHARF', 'STATION', '-1', '-1']
2024-04-28 13:23:25,613 - True predictions: 556, Total GT: 566
2024-04-28 13:23:34,978 - Runtime 126 Image path: assets/icdar2013/Images\img_211.jpg, GT: ['Mews', 'Exmouth', 'Camden'], Predicted: ['Exmouth', 'Mews', 'Camden']
2024-04-28 13:23:34,978 - True predictions: 560, Total GT: 569
2024-04-28 13:23:44,494 - Runtime 127 Image path: assets/icdar2013/Images\img_212.jpg, GT: ['BREAK', 'GLASS', 'FOR', 'KEY'], Predicted: ['BREAK', 'GLASS', 'KEY', 'FOR', '-1', '-1', '-1']
2024-04-28 13:23:44,494 - True predictions: 565, Total GT: 573
2024-04-28 13:23:53,894 - Runtime 128 Image path: assets/icdar2013/Images\img_213.jpg, GT: ['CAUTION', 'SITE', 'TRAFFIC', 'CROSSING'], Predicted: ['CROSSING', 'TRAFFIC', 'CAUTION', 'SITE']
2024-04-28 13:23:53,895 - True predictions: 570, Total GT: 577
2024-04-28 13:24:03,393 - Runtime 129 Image path: assets/icdar2013/Images\img_214.jpg, GT: ['DRIVERS', 'BEWARE!', "CONTRACTOR'S", 'VEHICLES'], Predicted: ['BEWARE!', "CONTRACTOR'S", 'VEHICLES', 'DRIVERS', '-1']
2024-04-28 13:24:03,394 - True predictions: 575, Total GT: 581
2024-04-28 13:24:12,574 - Runtime 130 Image path: assets/icdar2013/Images\img_215.jpg, GT: ['ROSE', 'Builders', '&', 'Contractors'], Predicted: ['ROSE', 'Contractors', 'Builders']
2024-04-28 13:24:12,574 - True predictions: 579, Total GT: 585
2024-04-28 13:24:21,934 - Runtime 131 Image path: assets/icdar2013/Images\img_216.jpg, GT: ['U', 'OF', 'E', '4'], Predicted: ['OF', '-1', '-1', '-1', '-1']
2024-04-28 13:24:21,934 - True predictions: 581, Total GT: 589
2024-04-28 13:24:31,651 - Runtime 132 Image path: assets/icdar2013/Images\img_217.jpg, GT: ['Accommodation', 'Office', 'South', 'Campus'], Predicted: ['Accommodatior', 'South', 'Office', 'Campus']
2024-04-28 13:24:31,652 - True predictions: 585, Total GT: 593
2024-04-28 13:24:40,610 - Runtime 133 Image path: assets/icdar2013/Images\img_218.jpg, GT: ['2076'], Predicted: ['2076']
2024-04-28 13:24:40,610 - True predictions: 587, Total GT: 594
2024-04-28 13:24:50,187 - Runtime 134 Image path: assets/icdar2013/Images\img_219.jpg, GT: ['CANS', 'ONLY', 'BROW', 'GLASS', 'ONLY'], Predicted: ['CANS', 'ONLY', 'ONLY', 'GLASS', 'BROWE']
2024-04-28 13:24:50,188 - True predictions: 592, Total GT: 599
2024-04-28 13:25:00,324 - Runtime 135 Image path: assets/icdar2013/Images\img_22.jpg, GT: ['Tetley', 'To', 'find', 'out', 'just', 'how', 'much', 'visit', 'tetley.co.uk', 'U'], Predicted: ['Tetley', 'DU', 'find', 'much,', 'visit', 'how', 'just', 'out', 'tetley.co.ul', '-1']
2024-04-28 13:25:00,325 - True predictions: 599, Total GT: 609
2024-04-28 13:25:10,065 - Runtime 136 Image path: assets/icdar2013/Images\img_220.jpg, GT: ['BEWARE', 'ALLIGATOR', 'TEETH'], Predicted: ['ALLIGATOR', 'BEWARE', 'TEETH']
2024-04-28 13:25:10,065 - True predictions: 603, Total GT: 612
2024-04-28 13:25:19,748 - Runtime 137 Image path: assets/icdar2013/Images\img_221.jpg, GT: ['SV', 'GAS', '180', 'T', '2'], Predicted: ['GAS', '180', 'SV', '-1', '2,0']
2024-04-28 13:25:19,749 - True predictions: 607, Total GT: 617
2024-04-28 13:25:28,894 - Runtime 138 Image path: assets/icdar2013/Images\img_222.jpg, GT: ['moto', 'jeanswear'], Predicted: ['moto', '-1']
2024-04-28 13:25:28,895 - True predictions: 609, Total GT: 619
2024-04-28 13:25:37,956 - Runtime 139 Image path: assets/icdar2013/Images\img_223.jpg, GT: ['BANK'], Predicted: []
2024-04-28 13:25:37,957 - True predictions: 610, Total GT: 620
2024-04-28 13:25:47,508 - Runtime 140 Image path: assets/icdar2013/Images\img_224.jpg, GT: ['9.-12', 'September', '2002', 'Oldenburg', 'Germ', 'FTRTFT', '2002'], Predicted: ['2002', 'FTRTFT', 'Oldenburg', '2002', 'September', 'Germ', '9.-12.']
2024-04-28 13:25:47,509 - True predictions: 617, Total GT: 627
2024-04-28 13:25:59,017 - Runtime 141 Image path: assets/icdar2013/Images\img_225.jpg, GT: ['ESPRESSO', 'ESPRESSOCHOC', 'HOTMILK', 'CHOCOMILK', '52', '53', '54', '55', '20p', '20p', '20p', '20p'], Predicted: ['ESPRESSO', 'ESPRESSOCHOC', 'CHOCOMILK', '20p', '20p', '20p', '20p', 'HOT', 'MILK', '55', '50', '53', '54', '-1']
2024-04-28 13:25:59,017 - True predictions: 628, Total GT: 639
2024-04-28 13:26:08,897 - Runtime 142 Image path: assets/icdar2013/Images\img_226.jpg, GT: ['Metool'], Predicted: ['Metool']
2024-04-28 13:26:08,897 - True predictions: 630, Total GT: 640
2024-04-28 13:26:18,556 - Runtime 143 Image path: assets/icdar2013/Images\img_227.jpg, GT: ['STANLEY', "KUBRICK'S", 'THE', 'SHINING'], Predicted: ['SHINLA', 'STANLEY', "KUBRICK'S", 'THE']
2024-04-28 13:26:18,557 - True predictions: 634, Total GT: 644
2024-04-28 13:26:27,619 - Runtime 144 Image path: assets/icdar2013/Images\img_228.jpg, GT: ['MEMENTO'], Predicted: ['MEMEN']
2024-04-28 13:26:27,619 - True predictions: 635, Total GT: 645
2024-04-28 13:26:37,504 - Runtime 145 Image path: assets/icdar2013/Images\img_229.jpg, GT: ['Research', 'Organization', 'for', 'the', '21st', 'Century'], Predicted: ['Research', 'Jrganization', 'Century', '-1', 'or', 'the']
2024-04-28 13:26:37,505 - True predictions: 639, Total GT: 651
2024-04-28 13:26:48,549 - Runtime 146 Image path: assets/icdar2013/Images\img_23.jpg, GT: ['Competence', 'Center', 'Virtual', 'Office', 'of', 'the', 'Future', 'Deutsches', 'Forschungszentrum', 'fur', 'Kunstliche', 'Intelligenz', 'GmbH', '1st', 'floor', '1.21'], Predicted: ['Office', 'Future"', 'the', 'Center', 'Competence', 'floor', 'GmbH', 'Deutsches', '1st', 'Intelligenz', 'Forschungszentrun', 'Kunstliche', 'of', 'Virtual', 'fur', '1.21']
2024-04-28 13:26:48,549 - True predictions: 654, Total GT: 667
2024-04-28 13:26:58,355 - Runtime 147 Image path: assets/icdar2013/Images\img_230.jpg, GT: ['ASDA', 'Price', 'PROMISE', 'Permanently', 'Low', 'Prices', 'Forever'], Predicted: ['PROMSE', 'ASDY', 'sorever', 'Drice', '-1', '-1', '-1']
2024-04-28 13:26:58,355 - True predictions: 655, Total GT: 674
2024-04-28 13:27:08,269 - Runtime 148 Image path: assets/icdar2013/Images\img_231.jpg, GT: ['e', 'g', 'intelligent', 'inhabited', 'environments', 'group'], Predicted: ['inhabited', 'intelligent', 'group', '-1', 'environments', '-1']
2024-04-28 13:27:08,269 - True predictions: 660, Total GT: 680
2024-04-28 13:27:18,071 - Runtime 149 Image path: assets/icdar2013/Images\img_232.jpg, GT: ['0.00', 'EUR', 'BETRIEBSBEREIT'], Predicted: ['SETRIEBSBEREIT', '0.00']
2024-04-28 13:27:18,072 - True predictions: 662, Total GT: 683
2024-04-28 13:27:27,434 - Runtime 150 Image path: assets/icdar2013/Images\img_233.jpg, GT: ['Room', 'St.Helena'], Predicted: ['St.Helena', 'Room']
2024-04-28 13:27:27,434 - True predictions: 665, Total GT: 685
2024-04-28 13:27:36,947 - Runtime 151 Image path: assets/icdar2013/Images\img_24.jpg, GT: ['FINAL', 'clearance', 'BURTON'], Predicted: ['FINAL', 'clearance', 'BURTON']
2024-04-28 13:27:36,947 - True predictions: 669, Total GT: 688
2024-04-28 13:27:46,188 - Runtime 152 Image path: assets/icdar2013/Images\img_25.jpg, GT: ['GARNIER', 'LABORATOIRES'], Predicted: ['GARNIEP', 'FE']
2024-04-28 13:27:46,189 - True predictions: 670, Total GT: 690
2024-04-28 13:27:57,097 - Runtime 153 Image path: assets/icdar2013/Images\img_26.jpg, GT: ['2.17', 'Knowledge', 'Management', '(KM)', 'Dr.', 'Faisal', 'Shafait', 'Multimedia', 'and', 'Data', 'Mining', '2.05', 'Analysis'], Predicted: ['2.17', 'Faisal', 'Shafait', 'Dr.', 'Data', '(KM', 'and', 'Mineng', 'Moitinnecia', '-1', '-1', 'Anaiyisis', 'Management']
2024-04-28 13:27:57,098 - True predictions: 678, Total GT: 703
2024-04-28 13:28:07,436 - Runtime 154 Image path: assets/icdar2013/Images\img_27.jpg, GT: ['Chocomel', 'hot', 'R', 'DE', 'ENIGE', 'ECHTE', '4', '5', 'Senseo', 'padmachines', '(ZIE', 'ACHTERZIJDE'], Predicted: ['Chocome:', 'hot', 'padmachines', 'ZIE', 'ACHTERZIJDE)', 'ENIGE', 'ECHTE', 'sensed', 'DE']
2024-04-28 13:28:07,437 - True predictions: 684, Total GT: 715
2024-04-28 13:28:16,925 - Runtime 155 Image path: assets/icdar2013/Images\img_28.jpg, GT: ["baby's", 'animal', 'word', 'book'], Predicted: ['animal', 'word', "baby's", 'bopk']
2024-04-28 13:28:16,925 - True predictions: 688, Total GT: 719
2024-04-28 13:28:27,010 - Runtime 156 Image path: assets/icdar2013/Images\img_29.jpg, GT: ['Senseo', 'NEW', 'GENERATION', 'AUTO', 'OFF'], Predicted: ['Senseo', 'NEW', 'GENERATION']
2024-04-28 13:28:27,011 - True predictions: 692, Total GT: 724
2024-04-28 13:28:36,023 - Runtime 157 Image path: assets/icdar2013/Images\img_3.jpg, GT: ['Royal', 'London'], Predicted: ['London', 'Royal']
2024-04-28 13:28:36,023 - True predictions: 695, Total GT: 726
2024-04-28 13:28:45,537 - Runtime 158 Image path: assets/icdar2013/Images\img_30.jpg, GT: ['D', 'DIESEL', 'DENIM', 'DIVISION'], Predicted: ['DIISION', 'DENIM', 'PDIESEL']
2024-04-28 13:28:45,537 - True predictions: 697, Total GT: 730
2024-04-28 13:28:56,046 - Runtime 159 Image path: assets/icdar2013/Images\img_31.jpg, GT: ['2002', 'Manchester', 'THE', 'XVII', 'COMMONWEALTH', 'GAMES'], Predicted: ['Manchester', '2002', 'GAMES', 'COMMONWEALTH', 'THE', 'XVII', '-1']
2024-04-28 13:28:56,047 - True predictions: 704, Total GT: 736
2024-04-28 13:29:06,923 - Runtime 160 Image path: assets/icdar2013/Images\img_32.jpg, GT: ['FARNBOROUGH', 'AIRSHOW', '28', 'JULY', '2002', 'daily', 'flying', 'programme'], Predicted: ['-ARNBOROUGI', 'VRSHOW', 'flying', 'JULY', 'daily', '2002', 'programme', '2']
2024-04-28 13:29:06,924 - True predictions: 710, Total GT: 744
2024-04-28 13:29:17,462 - Runtime 161 Image path: assets/icdar2013/Images\img_33.jpg, GT: ['R', '17', '59', 'TM', 'GUINNESS', 'DRAUGHT'], Predicted: ['GUINNESS', 'DRAUGHT', '-1', '17', 'GUENNES', '59', 'SUENES']
2024-04-28 13:29:17,462 - True predictions: 715, Total GT: 750
2024-04-28 13:29:27,839 - Runtime 162 Image path: assets/icdar2013/Images\img_34.jpg, GT: ['Kaffee', 'Pads', 'Extra'], Predicted: ['Extra', 'Pads', 'ee', 'As', '-1', '-1']
2024-04-28 13:29:27,840 - True predictions: 718, Total GT: 753
2024-04-28 13:29:37,925 - Runtime 163 Image path: assets/icdar2013/Images\img_35.jpg, GT: ['30', "'-6"], Predicted: ['30-6']
2024-04-28 13:29:37,925 - True predictions: 719, Total GT: 755
2024-04-28 13:29:47,738 - Runtime 164 Image path: assets/icdar2013/Images\img_36.jpg, GT: ['THE', 'WALLACE', 'SWORD'], Predicted: ['SWORD', 'THE', 'WALLACE']
2024-04-28 13:29:47,738 - True predictions: 723, Total GT: 758
2024-04-28 13:29:58,115 - Runtime 165 Image path: assets/icdar2013/Images\img_37.jpg, GT: ['SoftWare', 'Engineering', 'Ian', 'Sommerville'], Predicted: ['Sommerville', 'Software', 'lan', 'Engineering']
2024-04-28 13:29:58,115 - True predictions: 726, Total GT: 762
2024-04-28 13:30:08,245 - Runtime 166 Image path: assets/icdar2013/Images\img_38.jpg, GT: ['HEPP', 'Verbandstoffe'], Predicted: ['Verearestetle', 'HEPP', '+']
2024-04-28 13:30:08,246 - True predictions: 728, Total GT: 764
2024-04-28 13:30:17,825 - Runtime 167 Image path: assets/icdar2013/Images\img_39.jpg, GT: ['Teer:', '7', 'mg', 'Nikotin:', '0', 'mg', 'Kohlen-', 'monoxid:', '9', 'mg'], Predicted: []
2024-04-28 13:30:17,825 - True predictions: 729, Total GT: 774
2024-04-28 13:30:28,046 - Runtime 168 Image path: assets/icdar2013/Images\img_4.jpg, GT: ['Saeco', 'R', 'ENT', 'ESC', 'Betriebsbereit', 'Produkt', 'wahlen'], Predicted: ['Saeco', 'Produkt', 'wahlen', 'ebsbereit', 'Betri', 'ESC', 'ENT']
2024-04-28 13:30:28,047 - True predictions: 735, Total GT: 781
2024-04-28 13:30:39,833 - Runtime 169 Image path: assets/icdar2013/Images\img_40.jpg, GT: ['AN', 'INTRODUCTION', 'TO', 'DATABASE', 'SYSTEMS', 'C.', 'J.', 'DATE', 'SIXTH', 'EDITION'], Predicted: ['MEMS', 'DATABASE', 'DATE', 'INTRODUCTION', 'TO', 'AN', '-1', 'E']
2024-04-28 13:30:39,834 - True predictions: 741, Total GT: 791
2024-04-28 13:30:49,632 - Runtime 170 Image path: assets/icdar2013/Images\img_41.jpg, GT: ['RIVERSIDE', 'WALK'], Predicted: ['WALK', 'RIVERSIDE']
2024-04-28 13:30:49,633 - True predictions: 744, Total GT: 793
2024-04-28 13:30:59,614 - Runtime 171 Image path: assets/icdar2013/Images\img_42.jpg, GT: ['Diet', 'Coke', 'REGISTERED', 'TRADE', 'MARK'], Predicted: ['coke', 'Diet', 'REGISTERED', 'TRADE']
2024-04-28 13:30:59,615 - True predictions: 748, Total GT: 798
2024-04-28 13:31:09,335 - Runtime 172 Image path: assets/icdar2013/Images\img_43.jpg, GT: ['intel', 'inside', 'pentium', '4'], Predicted: ['pentium', 'inside', 'intel', '-1', '-1', '-1']
2024-04-28 13:31:09,336 - True predictions: 752, Total GT: 802
2024-04-28 13:31:19,962 - Runtime 173 Image path: assets/icdar2013/Images\img_44.jpg, GT: ['hoss', 'Standort', 'Feuerloscher', 'Rettungsweg/', 'Notausgang', 'Brandmelder', 'Treppenraum', 'Rettungsweg', 'Richtungsangabe'], Predicted: ['Standort', 'Brandmelder', 'Feuerloscher', 'Rettungsweg', 'Richtungsangabe', 'Rettungsweg', 'Treppenraum', 'Notausgang', 'hoss']
2024-04-28 13:31:19,962 - True predictions: 761, Total GT: 811
2024-04-28 13:31:31,844 - Runtime 174 Image path: assets/icdar2013/Images\img_45.jpg, GT: ['EINWURF', 'EURO', '0.05-2.00', '1)', 'GELD', 'EINWERFEN', '2)', 'NUMMER', 'DES', 'FACHES', 'WAHLEN', '3)', 'GELDRUCKGABE', ':', 'TASTERDRUCKEN'], Predicted: ['EURO', 'EINWERFEN', 'FACHES', 'GELDRUCKGABE', 'NUMMER', 'GELD', 'WAHLEN', 'DES', 'DRUCKEN', 'ETNWORE', 'TASTE', '2', '3)', '1)', '0.05-2']
2024-04-28 13:31:31,845 - True predictions: 772, Total GT: 826
2024-04-28 13:31:41,566 - Runtime 175 Image path: assets/icdar2013/Images\img_46.jpg, GT: ['HEALTHY', 'COLCHESTER', '2000'], Predicted: ['HEALTHY', 'COLCHESTER', '2000']
2024-04-28 13:31:41,566 - True predictions: 776, Total GT: 829
2024-04-28 13:31:51,519 - Runtime 176 Image path: assets/icdar2013/Images\img_47.jpg, GT: ['Communication', 'for', 'E', 'ineering', 'Students'], Predicted: ['ommunicati', 'Students', 'neering', '-1', '-1']
2024-04-28 13:31:51,519 - True predictions: 778, Total GT: 834
2024-04-28 13:32:01,447 - Runtime 177 Image path: assets/icdar2013/Images\img_48.jpg, GT: ['TESCO', 'VALUE', 'Washing', 'up', 'liquid'], Predicted: ['-1', 'VALUE', 'Washing', 'TESCO', 'liquid', '-1']
2024-04-28 13:32:01,447 - True predictions: 783, Total GT: 839
2024-04-28 13:32:11,582 - Runtime 178 Image path: assets/icdar2013/Images\img_49.jpg, GT: ['SOUNDS', 'OF', 'SUMMER', 'The', 'O', 'es', 'best', 'live', 'music', 'events', 'orange', 'TM'], Predicted: ['SOMMER', 'SOUNDS', 'OF', 'orange', 'iive', 'music', 'events', 'Best']
2024-04-28 13:32:11,582 - True predictions: 789, Total GT: 851
2024-04-28 13:32:21,925 - Runtime 179 Image path: assets/icdar2013/Images\img_5.jpg, GT: ['hungry', '[falling', 'on', 'my', 'knees]'], Predicted: ['[falling', 'On', 'hungry']
2024-04-28 13:32:21,925 - True predictions: 792, Total GT: 856
2024-04-28 13:32:32,633 - Runtime 180 Image path: assets/icdar2013/Images\img_50.jpg, GT: ['Telephone', 'FOCAL', 'DISPLAYS', '016406821/2REF', 'A11'], Predicted: ['Telephone', 'DISPLAYS', 'FOCAL', '01', '640', '6821', 'A11', 'REF']
2024-04-28 13:32:32,634 - True predictions: 797, Total GT: 861
2024-04-28 13:32:44,597 - Runtime 181 Image path: assets/icdar2013/Images\img_51.jpg, GT: ['dvisory', 'Service', 'Informat', 'ESSEX', 'SUMMER', 'SCHOOL', 'IN', 'DATA', 'ANALYSIS', '4.311'], Predicted: ['SCHOOL', 'ESSEX', 'SUMMER', 'ANALYSIS', 'DATA', '4.311', 'IN', 'Informal']
2024-04-28 13:32:44,597 - True predictions: 805, Total GT: 871
2024-04-28 13:32:54,642 - Runtime 182 Image path: assets/icdar2013/Images\img_52.jpg, GT: ['YOU', 'ARE', 'HERE'], Predicted: ['ARE', 'HERE', 'YOU']
2024-04-28 13:32:54,643 - True predictions: 809, Total GT: 874
2024-04-28 13:33:05,379 - Runtime 183 Image path: assets/icdar2013/Images\img_53.jpg, GT: ['DEPARTMENT', 'OF', 'GOVERNMENT', 'COURSES', 'FOR', 'STAFF'], Predicted: ['COURSES', 'STAFF', 'OF', 'GOVERNMENT', 'FOR', 'DEPARTMENT']
2024-04-28 13:33:05,380 - True predictions: 816, Total GT: 880
2024-04-28 13:33:15,928 - Runtime 184 Image path: assets/icdar2013/Images\img_54.jpg, GT: ['iiyama', 'POCKET', 'FLASH', 'READER', 'Start', 'WrM'], Predicted: ['FLASH', 'READER', 'POCKET', 'lyama', 'Bstart', 'OO']
2024-04-28 13:33:15,929 - True predictions: 820, Total GT: 886
2024-04-28 13:33:25,901 - Runtime 185 Image path: assets/icdar2013/Images\img_55.jpg, GT: ['Technology', 'for', 'life', 'jungle', '.com'], Predicted: ['Technology', 'for', 'life', '.COM', 'ungle']
2024-04-28 13:33:25,901 - True predictions: 824, Total GT: 891
2024-04-28 13:33:35,297 - Runtime 186 Image path: assets/icdar2013/Images\img_56.jpg, GT: ['SNOUT'], Predicted: ['SNOUI']
2024-04-28 13:33:35,298 - True predictions: 825, Total GT: 892
2024-04-28 13:33:44,509 - Runtime 187 Image path: assets/icdar2013/Images\img_57.jpg, GT: ['X'], Predicted: []
2024-04-28 13:33:44,510 - True predictions: 826, Total GT: 893
2024-04-28 13:33:54,567 - Runtime 188 Image path: assets/icdar2013/Images\img_58.jpg, GT: ['graphic', 'JAVA', 'Mastering', 'the', 'JFC', '3RD', 'EDITION', 'TM', '2'], Predicted: ['graphic', 'the', 'Mastering', 'JFC', 'AVA', '3RD', 'EDITION', '-1']
2024-04-28 13:33:54,568 - True predictions: 833, Total GT: 902
2024-04-28 13:34:04,649 - Runtime 189 Image path: assets/icdar2013/Images\img_59.jpg, GT: ["WRIGLEY'S", 'DOUBLEMINT', 'CHEWING', 'GUM'], Predicted: ['WRIGLEYS', 'DOUBLEMINT', 'CHEWING', 'GUM']
2024-04-28 13:34:04,650 - True predictions: 837, Total GT: 906
2024-04-28 13:34:13,751 - Runtime 190 Image path: assets/icdar2013/Images\img_6.jpg, GT: ['Campus', 'Shop'], Predicted: ['Campu', 'Shop']
2024-04-28 13:34:13,752 - True predictions: 839, Total GT: 908
2024-04-28 13:34:23,004 - Runtime 191 Image path: assets/icdar2013/Images\img_60.jpg, GT: ['Kenco', 'R'], Predicted: ['enco', 'Y']
2024-04-28 13:34:23,005 - True predictions: 840, Total GT: 910
2024-04-28 13:34:33,275 - Runtime 192 Image path: assets/icdar2013/Images\img_61.jpg, GT: ['FIRE', 'HOSE', 'REEL'], Predicted: ['FIRE', 'HOSE', 'REEL']
2024-04-28 13:34:33,275 - True predictions: 844, Total GT: 913
2024-04-28 13:34:43,545 - Runtime 193 Image path: assets/icdar2013/Images\img_62.jpg, GT: ['EXCLUSIVELY', 'FOR', 'WHEELCHAIR', 'USERS'], Predicted: ['WHEELCHAIR', 'USERS', 'EXCLUSIVELY', 'FOR']
2024-04-28 13:34:43,545 - True predictions: 849, Total GT: 917
2024-04-28 13:34:52,733 - Runtime 194 Image path: assets/icdar2013/Images\img_63.jpg, GT: ['Metool'], Predicted: ['Metool']
2024-04-28 13:34:52,733 - True predictions: 851, Total GT: 918
2024-04-28 13:35:02,636 - Runtime 195 Image path: assets/icdar2013/Images\img_64.jpg, GT: ['Gallery', '1', 'Please', 'Enter'], Predicted: ['Please', 'Enter', 'Gallery']
2024-04-28 13:35:02,637 - True predictions: 855, Total GT: 922
2024-04-28 13:35:12,622 - Runtime 196 Image path: assets/icdar2013/Images\img_65.jpg, GT: ['SIZE', 'QUEEN'], Predicted: ['QUEEN', 'SIZE']
2024-04-28 13:35:12,623 - True predictions: 858, Total GT: 924
2024-04-28 13:35:23,248 - Runtime 197 Image path: assets/icdar2013/Images\img_66.jpg, GT: ['LITTER', 'COLCHESTER', 'BOROUGH'], Predicted: ['LITTER', 'BOROUGH', 'COLCHESTER']
2024-04-28 13:35:23,248 - True predictions: 862, Total GT: 927
2024-04-28 13:35:34,482 - Runtime 198 Image path: assets/icdar2013/Images\img_67.jpg, GT: ['DEBENHAMS', "BRITAIN'S", 'FAVOURITE', 'DEPARTMENT', 'STORE', 'www.debenhams.com'], Predicted: ['PEBENHAM', 'www.debenhams.com.', 'FAVOURITE', "BRITAIN'S", 'STORE', 'DEPARTMENT']
2024-04-28 13:35:34,483 - True predictions: 867, Total GT: 933
2024-04-28 13:35:45,829 - Runtime 199 Image path: assets/icdar2013/Images\img_68.jpg, GT: ['Videos', 'available', 'here', 'All', 'our', 'videos', 'are', 'loaned', 'for', 'one', 'week'], Predicted: ['Viceos', 'iable', 'here', 'videos', 'our', 'are', 'loaned', 'One', 'AlL', 'week', 'for']
2024-04-28 13:35:45,829 - True predictions: 875, Total GT: 944
2024-04-28 13:35:55,410 - Runtime 200 Image path: assets/icdar2013/Images\img_69.jpg, GT: ['2'], Predicted: []
2024-04-28 13:35:55,410 - True predictions: 876, Total GT: 945
2024-04-28 13:36:06,211 - Runtime 201 Image path: assets/icdar2013/Images\img_7.jpg, GT: ['Gt.', 'Yarmouth', 'Ipswich', '(A12)', 'Harwich', '(A120)', 'Clacton', 'A133'], Predicted: ['Harwich', 'A133', 'Clacton', 'Ipswich', 'Yarmouth', 'Gt.', 'A120)', 'A12)']
2024-04-28 13:36:06,212 - True predictions: 883, Total GT: 953
2024-04-28 13:36:16,042 - Runtime 202 Image path: assets/icdar2013/Images\img_70.jpg, GT: ['NatWest'], Predicted: ['atWes', '-1']
2024-04-28 13:36:16,042 - True predictions: 884, Total GT: 954
2024-04-28 13:36:25,871 - Runtime 203 Image path: assets/icdar2013/Images\img_71.jpg, GT: ['PAST', 'TIMES'], Predicted: ['TIMES', 'PAST']
2024-04-28 13:36:25,871 - True predictions: 887, Total GT: 956
2024-04-28 13:36:35,955 - Runtime 204 Image path: assets/icdar2013/Images\img_72.jpg, GT: ['Essex', 'County', 'Council', 'Colchester', 'Library'], Predicted: ['Colchester', 'Library', 'County', 'councI', 'Essex']
2024-04-28 13:36:35,956 - True predictions: 892, Total GT: 961
2024-04-28 13:36:46,223 - Runtime 205 Image path: assets/icdar2013/Images\img_73.jpg, GT: ['Library', 'Open', 'Essex', 'County', 'Council', 'Libraries'], Predicted: ['Open', 'Library', 'County', 'Council', 'Libraries', 'Essex']
2024-04-28 13:36:46,224 - True predictions: 899, Total GT: 967
2024-04-28 13:36:56,817 - Runtime 206 Image path: assets/icdar2013/Images\img_74.jpg, GT: ['FORUM', 'trinity', 'street', 'studios'], Predicted: ['studios', 'street', 'trinity', 'FORUM', '-1']
2024-04-28 13:36:56,818 - True predictions: 904, Total GT: 971
2024-04-28 13:37:06,862 - Runtime 207 Image path: assets/icdar2013/Images\img_75.jpg, GT: ['WHILE', 'YOU', 'WAIT', 'SHOE', 'REPAIRS', 'AVAILABLE'], Predicted: ['WALT', 'REPAIRS', 'SHOE', 'WHILE', 'AVAILABLE', 'YOU']
2024-04-28 13:37:06,862 - True predictions: 910, Total GT: 977
2024-04-28 13:37:16,440 - Runtime 208 Image path: assets/icdar2013/Images\img_76.jpg, GT: ['GRAHAMS', 'AFA'], Predicted: ['-1']
2024-04-28 13:37:16,441 - True predictions: 911, Total GT: 979
2024-04-28 13:37:25,606 - Runtime 209 Image path: assets/icdar2013/Images\img_77.jpg, GT: ['KEY', 'WEST'], Predicted: ['WEST', 'KLy']
2024-04-28 13:37:25,607 - True predictions: 913, Total GT: 981
2024-04-28 13:37:35,034 - Runtime 210 Image path: assets/icdar2013/Images\img_78.jpg, GT: ['Zone', 'ENDS'], Predicted: ['ENDS', 'Zone', 'First']
2024-04-28 13:37:35,035 - True predictions: 916, Total GT: 983
2024-04-28 13:37:45,336 - Runtime 211 Image path: assets/icdar2013/Images\img_79.jpg, GT: ['Videos', 'Here'], Predicted: ['Here', 'Videos', '-1']
2024-04-28 13:37:45,336 - True predictions: 919, Total GT: 985
2024-04-28 13:37:56,580 - Runtime 212 Image path: assets/icdar2013/Images\img_8.jpg, GT: ['GASTRONOMY', 'GREEK', 'COOKERY', '&', 'WINES', 'LOCAL', 'SPECIALTIES', 'FESTIVE', 'RECIPES', 'ILLUSTRATED', "TOUBI'S"], Predicted: ['REEK', 'COOKERY', 'WINES', 'ILLUGTRATED', "TOUBI'S", 'PESMOTIES', 'FESTOE']
2024-04-28 13:37:56,580 - True predictions: 923, Total GT: 996
2024-04-28 13:38:06,690 - Runtime 213 Image path: assets/icdar2013/Images\img_80.jpg, GT: ['QUEEN', 'STREET', 'FORMERLY', 'SOUTHGATE', 'STREET'], Predicted: ['QUEEN', 'FORMERN', 'STREET', 'SOUTHGATE', 'STREET']
2024-04-28 13:38:06,691 - True predictions: 928, Total GT: 1001
2024-04-28 13:38:16,369 - Runtime 214 Image path: assets/icdar2013/Images\img_81.jpg, GT: ['ROUTE'], Predicted: ['ROUTE', '-1', '-1']
2024-04-28 13:38:16,369 - True predictions: 930, Total GT: 1002
2024-04-28 13:38:25,703 - Runtime 215 Image path: assets/icdar2013/Images\img_82.jpg, GT: ['BUS'], Predicted: ['3US', '-1']
2024-04-28 13:38:25,704 - True predictions: 931, Total GT: 1003
2024-04-28 13:38:35,564 - Runtime 216 Image path: assets/icdar2013/Images\img_83.jpg, GT: ['Tourist', 'information', 'Castle', 'i'], Predicted: ['Castle', 'information', 'Tourist']
2024-04-28 13:38:35,564 - True predictions: 935, Total GT: 1007
2024-04-28 13:38:46,258 - Runtime 217 Image path: assets/icdar2013/Images\img_84.jpg, GT: ['hills', 'RESIDENTIAL', 'hills', '&', 'es', 'eve'], Predicted: ['hills', 'RESIDENTIAL', 'Sh', 'hills', 'SVIM', 'EVE']
2024-04-28 13:38:46,258 - True predictions: 939, Total GT: 1013
2024-04-28 13:38:55,823 - Runtime 218 Image path: assets/icdar2013/Images\img_85.jpg, GT: ['ROGERS'], Predicted: ['ROGERS', '-1']
2024-04-28 13:38:55,823 - True predictions: 941, Total GT: 1014
2024-04-28 13:39:05,923 - Runtime 219 Image path: assets/icdar2013/Images\img_86.jpg, GT: ['CARTER', 'BUILDER', 'COLCHESTER', '794455', '10'], Predicted: ['CARTER', 'COLCHESTER']
2024-04-28 13:39:05,924 - True predictions: 944, Total GT: 1019
2024-04-28 13:39:16,003 - Runtime 220 Image path: assets/icdar2013/Images\img_87.jpg, GT: ['HARWICH', 'COURT', 'HOUSE', '11'], Predicted: ['HARWICH', 'COURT', 'HOUSE', '11']
2024-04-28 13:39:16,004 - True predictions: 949, Total GT: 1023
2024-04-28 13:39:25,957 - Runtime 221 Image path: assets/icdar2013/Images\img_88.jpg, GT: ['GAS', 'GAS', 'GAS', 'GAS', 'GAS'], Predicted: ['GAS', 'GAS', 'GAS', 'GAS', 'GAS']
2024-04-28 13:39:25,957 - True predictions: 955, Total GT: 1028
2024-04-28 13:39:35,779 - Runtime 222 Image path: assets/icdar2013/Images\img_89.jpg, GT: ['Fire', 'door', 'keep', 'locked'], Predicted: ['locked', 'Fire', 'door', 'keep']
2024-04-28 13:39:35,780 - True predictions: 960, Total GT: 1032
2024-04-28 13:39:46,530 - Runtime 223 Image path: assets/icdar2013/Images\img_9.jpg, GT: ['e', 'g', 'intelligent', 'inhabited', 'environments', 'group', 'University', 'of', 'Essex'], Predicted: ['inhabited', 'Essex', 'intelligent', 'group', 'University', 'of', 'environments', 'g', '-1', 'e']
2024-04-28 13:39:46,530 - True predictions: 970, Total GT: 1041
2024-04-28 13:39:56,875 - Runtime 224 Image path: assets/icdar2013/Images\img_90.jpg, GT: ['LION', 'WALK'], Predicted: ['LION', 'WALK']
2024-04-28 13:39:56,875 - True predictions: 973, Total GT: 1043
2024-04-28 13:40:09,288 - Runtime 225 Image path: assets/icdar2013/Images\img_91.jpg, GT: ['PLANT', 'ROOM', 'No', 'unauthorised', 'entry', 'into', 'this', 'area!', 'Permit', 'to', 'work', 'system', 'in', 'operation', 'Estates', 'Management', 'Section'], Predicted: ['PLANT', 'Permit', 'work', 'this', 'ROOM', 'operation', 'entry', 'in', 'into', 'Section', 'Management', 'area!', 'No', 'system', 'Estates', 'unauthorised', 'to']
2024-04-28 13:40:09,289 - True predictions: 991, Total GT: 1060
2024-04-28 13:40:20,174 - Runtime 226 Image path: assets/icdar2013/Images\img_92.jpg, GT: ['Coach', 'Stop', 'NATIONAL', 'EXPRESS'], Predicted: ['Coach', 'NATIONAL', 'EXPRESS', 'Stop']
2024-04-28 13:40:20,175 - True predictions: 996, Total GT: 1064
2024-04-28 13:40:29,923 - Runtime 227 Image path: assets/icdar2013/Images\img_93.jpg, GT: ['First'], Predicted: ['First', '-1']
2024-04-28 13:40:29,923 - True predictions: 998, Total GT: 1065
2024-04-28 13:40:39,912 - Runtime 228 Image path: assets/icdar2013/Images\img_94.jpg, GT: ['Used', 'tickets'], Predicted: ['Used', 'tickets']
2024-04-28 13:40:39,912 - True predictions: 1001, Total GT: 1067
2024-04-28 13:40:49,770 - Runtime 229 Image path: assets/icdar2013/Images\img_95.jpg, GT: ['Alarm', 'Fitted'], Predicted: ['Fitted', 'Alarm']
2024-04-28 13:40:49,770 - True predictions: 1004, Total GT: 1069
2024-04-28 13:40:59,847 - Runtime 230 Image path: assets/icdar2013/Images\img_96.jpg, GT: ['FIRE', 'EXTINGUISHER', 'BREAK', 'GLASS'], Predicted: ['BREAK', 'GLASS', 'FIRE', 'EXTINGUISHER']
2024-04-28 13:40:59,847 - True predictions: 1009, Total GT: 1073
2024-04-28 13:41:09,173 - Runtime 231 Image path: assets/icdar2013/Images\img_97.jpg, GT: ['CASUAL', 'PLUS'], Predicted: ['CASUAL', 'PLUS']
2024-04-28 13:41:09,173 - True predictions: 1012, Total GT: 1075
2024-04-28 13:41:19,438 - Runtime 232 Image path: assets/icdar2013/Images\img_98.jpg, GT: ['002101', 'NEW', 'SUPERKINGS', 'Meet', 'the', 'big', 'three.'], Predicted: ['Meet', 'SOPERKNGS', 'the', 'big', 'three.', '002101', 'NEW', 'AHER']
2024-04-28 13:41:19,439 - True predictions: 1019, Total GT: 1082
2024-04-28 13:41:30,657 - Runtime 233 Image path: assets/icdar2013/Images\img_99.jpg, GT: ['In', 'the', 'interest', 'of', 'Health', 'and', 'Hygiene', 'PLEASE', 'DO', 'NOT', 'FEED', 'THE', 'PIGEONS'], Predicted: ['PIGEONS', 'Hygiene', 'Heaith', 'interest', 'DO', 'Of', 'NOT', 'the', 'PLEASE', 'FEED', 'and', 'THE', 'In']
2024-04-28 13:41:30,658 - True predictions: 1031, Total GT: 1095
2024-04-28 13:41:30,658 - Final accuracy: 0.9415525114155251
